[2017-04-25 19:15:49] request.ERROR: Uncaught PHP Exception Symfony\Component\HttpKernel\Exception\NotFoundHttpException: "No route found for "GET /"" at C:\wamp\www\Symfony\vendor\symfony\symfony\src\Symfony\Component\HttpKernel\EventListener\RouterListener.php line 116 {"exception":"[object] (Symfony\\Component\\HttpKernel\\Exception\\NotFoundHttpException: No route found for \"GET /\" at C:\\wamp\\www\\Symfony\\vendor\\symfony\\symfony\\src\\Symfony\\Component\\HttpKernel\\EventListener\\RouterListener.php:116, Symfony\\Component\\Routing\\Exception\\ResourceNotFoundException:  at C:\\wamp\\www\\Symfony\\app\\cache\\prod\\appProdUrlMatcher.php:30)"} []
[2017-04-25 20:48:02] request.ERROR: Uncaught PHP Exception Symfony\Component\HttpKernel\Exception\NotFoundHttpException: "No route found for "GET /pagequinexistepas"" at C:\wamp\www\Symfony\vendor\symfony\symfony\src\Symfony\Component\HttpKernel\EventListener\RouterListener.php line 116 {"exception":"[object] (Symfony\\Component\\HttpKernel\\Exception\\NotFoundHttpException: No route found for \"GET /pagequinexistepas\" at C:\\wamp\\www\\Symfony\\vendor\\symfony\\symfony\\src\\Symfony\\Component\\HttpKernel\\EventListener\\RouterListener.php:116, Symfony\\Component\\Routing\\Exception\\ResourceNotFoundException:  at C:\\wamp\\www\\Symfony\\app\\cache\\prod\\appProdUrlMatcher.php:30)"} []
[2017-05-05 22:16:59] request.ERROR: Uncaught PHP Exception Symfony\Component\HttpKernel\Exception\NotFoundHttpException: "No route found for "GET /blog"" at C:\wamp\www\Symfony\app\cache\prod\classes.php line 1881 {"exception":"[object] (Symfony\\Component\\HttpKernel\\Exception\\NotFoundHttpException: No route found for \"GET /blog\" at C:\\wamp\\www\\Symfony\\app\\cache\\prod\\classes.php:1881, Symfony\\Component\\Routing\\Exception\\ResourceNotFoundException:  at C:\\wamp\\www\\Symfony\\app\\cache\\prod\\appProdUrlMatcher.php:30)"} []
[2017-05-05 22:19:04] request.ERROR: Uncaught PHP Exception Symfony\Component\HttpKernel\Exception\NotFoundHttpException: "No route found for "GET /"" at C:\wamp\www\Symfony\app\cache\prod\classes.php line 1881 {"exception":"[object] (Symfony\\Component\\HttpKernel\\Exception\\NotFoundHttpException: No route found for \"GET /\" at C:\\wamp\\www\\Symfony\\app\\cache\\prod\\classes.php:1881, Symfony\\Component\\Routing\\Exception\\ResourceNotFoundException:  at C:\\wamp\\www\\Symfony\\app\\cache\\prod\\appProdUrlMatcher.php:30)"} []
[2017-05-05 22:19:15] request.ERROR: Uncaught PHP Exception Symfony\Component\HttpKernel\Exception\NotFoundHttpException: "No route found for "GET /blog"" at C:\wamp\www\Symfony\app\cache\prod\classes.php line 1881 {"exception":"[object] (Symfony\\Component\\HttpKernel\\Exception\\NotFoundHttpException: No route found for \"GET /blog\" at C:\\wamp\\www\\Symfony\\app\\cache\\prod\\classes.php:1881, Symfony\\Component\\Routing\\Exception\\ResourceNotFoundException:  at C:\\wamp\\www\\Symfony\\app\\cache\\prod\\appProdUrlMatcher.php:30)"} []
[2017-05-15 16:27:38] request.ERROR: Uncaught PHP Exception Symfony\Component\HttpKernel\Exception\NotFoundHttpException: "No route found for "GET /blog/article/40"" at C:\wamp\www\Symfony\app\cache\prod\classes.php line 1881 {"exception":"[object] (Symfony\\Component\\HttpKernel\\Exception\\NotFoundHttpException: No route found for \"GET /blog/article/40\" at C:\\wamp\\www\\Symfony\\app\\cache\\prod\\classes.php:1881, Symfony\\Component\\Routing\\Exception\\ResourceNotFoundException:  at C:\\wamp\\www\\Symfony\\app\\cache\\prod\\appProdUrlMatcher.php:30)"} []
[2017-05-15 16:52:30] request.ERROR: Uncaught PHP Exception Symfony\Component\HttpKernel\Exception\NotFoundHttpException: "No route found for "GET /blog/article/40"" at C:\wamp\www\Symfony\app\cache\prod\classes.php line 1881 {"exception":"[object] (Symfony\\Component\\HttpKernel\\Exception\\NotFoundHttpException: No route found for \"GET /blog/article/40\" at C:\\wamp\\www\\Symfony\\app\\cache\\prod\\classes.php:1881, Symfony\\Component\\Routing\\Exception\\ResourceNotFoundException:  at C:\\wamp\\www\\Symfony\\app\\cache\\prod\\appProdUrlMatcher.php:30)"} []
[2017-05-15 19:06:38] request.ERROR: Uncaught PHP Exception Symfony\Component\HttpKernel\Exception\NotFoundHttpException: "No route found for "GET /blog/ajouter"" at C:\wamp\www\Symfony\app\cache\prod\classes.php line 1881 {"exception":"[object] (Symfony\\Component\\HttpKernel\\Exception\\NotFoundHttpException: No route found for \"GET /blog/ajouter\" at C:\\wamp\\www\\Symfony\\app\\cache\\prod\\classes.php:1881, Symfony\\Component\\Routing\\Exception\\ResourceNotFoundException:  at C:\\wamp\\www\\Symfony\\app\\cache\\prod\\appProdUrlMatcher.php:30)"} []
[2017-05-15 20:11:03] event.DEBUG: Notified event "kernel.request" to listener "Symfony\Bundle\FrameworkBundle\EventListener\SessionListener::onKernelRequest". [] []
[2017-05-15 20:11:04] event.DEBUG: Notified event "kernel.request" to listener "Symfony\Component\HttpKernel\EventListener\FragmentListener::onKernelRequest". [] []
[2017-05-15 20:11:04] event.DEBUG: Notified event "kernel.request" to listener "Symfony\Component\HttpKernel\EventListener\RouterListener::onKernelRequest". [] []
[2017-05-15 20:11:04] request.INFO: Matched route "gdmblog_ajouter" (parameters: "_controller": "gdm\BlogBundle\Controller\BlogController::ajouterAction", "_route": "gdmblog_ajouter") [] []
[2017-05-15 20:11:04] event.DEBUG: Notified event "kernel.request" to listener "Symfony\Component\HttpKernel\EventListener\LocaleListener::onKernelRequest". [] []
[2017-05-15 20:11:04] event.DEBUG: Notified event "kernel.request" to listener "Symfony\Component\Security\Http\Firewall::onKernelRequest". [] []
[2017-05-15 20:11:04] security.INFO: Populated SecurityContext with an anonymous Token [] []
[2017-05-15 20:11:04] event.DEBUG: Notified event "kernel.request" to listener "Symfony\Component\HttpKernel\EventListener\ErrorsLoggerListener::injectLogger". [] []
[2017-05-15 20:11:04] event.DEBUG: Notified event "kernel.request" to listener "Symfony\Component\HttpKernel\EventListener\ErrorsLoggerListener::injectLogger". [] []
[2017-05-15 20:11:04] event.DEBUG: Notified event "kernel.controller" to listener "Sensio\Bundle\FrameworkExtraBundle\EventListener\ControllerListener::onKernelController". [] []
[2017-05-15 20:11:04] event.DEBUG: Notified event "kernel.controller" to listener "Sensio\Bundle\FrameworkExtraBundle\EventListener\ParamConverterListener::onKernelController". [] []
[2017-05-15 20:11:04] event.DEBUG: Notified event "kernel.controller" to listener "Sensio\Bundle\FrameworkExtraBundle\EventListener\TemplateListener::onKernelController". [] []
[2017-05-15 20:11:04] event.DEBUG: Notified event "kernel.exception" to listener "Symfony\Component\Security\Http\Firewall\ExceptionListener::onKernelException". [] []
[2017-05-15 20:11:04] event.DEBUG: Notified event "kernel.exception" to listener "Symfony\Component\HttpKernel\EventListener\ExceptionListener::onKernelException". [] []
[2017-05-15 20:11:04] request.ERROR: Uncaught PHP Exception Symfony\Component\HttpKernel\Exception\AccessDeniedHttpException: "Accès limité aux auteurs" at C:\wamp\www\Symfony\src\gdm\BlogBundle\Controller\BlogController.php line 161 {"exception":"[object] (Symfony\\Component\\HttpKernel\\Exception\\AccessDeniedHttpException: Accès limité aux auteurs at C:\\wamp\\www\\Symfony\\src\\gdm\\BlogBundle\\Controller\\BlogController.php:161)"} []
[2017-05-15 20:11:04] event.DEBUG: Notified event "kernel.request" to listener "Symfony\Bundle\FrameworkBundle\EventListener\SessionListener::onKernelRequest". [] []
[2017-05-15 20:11:04] event.DEBUG: Notified event "kernel.request" to listener "Symfony\Component\HttpKernel\EventListener\FragmentListener::onKernelRequest". [] []
[2017-05-15 20:11:04] event.DEBUG: Notified event "kernel.request" to listener "Symfony\Component\HttpKernel\EventListener\RouterListener::onKernelRequest". [] []
[2017-05-15 20:11:04] event.DEBUG: Notified event "kernel.request" to listener "Symfony\Component\HttpKernel\EventListener\LocaleListener::onKernelRequest". [] []
[2017-05-15 20:11:04] event.DEBUG: Notified event "kernel.request" to listener "Symfony\Component\Security\Http\Firewall::onKernelRequest". [] []
[2017-05-15 20:11:04] event.DEBUG: Notified event "kernel.request" to listener "Symfony\Component\HttpKernel\EventListener\ErrorsLoggerListener::injectLogger". [] []
[2017-05-15 20:11:04] event.DEBUG: Notified event "kernel.request" to listener "Symfony\Component\HttpKernel\EventListener\ErrorsLoggerListener::injectLogger". [] []
[2017-05-15 20:11:04] event.DEBUG: Notified event "kernel.controller" to listener "Sensio\Bundle\FrameworkExtraBundle\EventListener\ControllerListener::onKernelController". [] []
[2017-05-15 20:11:04] event.DEBUG: Notified event "kernel.controller" to listener "Sensio\Bundle\FrameworkExtraBundle\EventListener\ParamConverterListener::onKernelController". [] []
[2017-05-15 20:11:04] event.DEBUG: Notified event "kernel.controller" to listener "Sensio\Bundle\FrameworkExtraBundle\EventListener\TemplateListener::onKernelController". [] []
[2017-05-15 20:11:04] event.DEBUG: Notified event "kernel.response" to listener "Symfony\Component\Security\Http\Firewall\ContextListener::onKernelResponse". [] []
[2017-05-15 20:11:04] event.DEBUG: Notified event "kernel.response" to listener "gdm\BlogBundle\Beta\BetaListener::onKernelResponse". [] []
[2017-05-15 20:11:04] event.DEBUG: Notified event "kernel.response" to listener "Symfony\Component\HttpKernel\EventListener\ResponseListener::onKernelResponse". [] []
[2017-05-15 20:11:04] event.DEBUG: Notified event "kernel.response" to listener "Symfony\Component\Security\Http\RememberMe\ResponseListener::onKernelResponse". [] []
[2017-05-15 20:11:04] event.DEBUG: Notified event "kernel.response" to listener "Sensio\Bundle\FrameworkExtraBundle\EventListener\CacheListener::onKernelResponse". [] []
[2017-05-15 20:11:04] event.DEBUG: Notified event "kernel.response" to listener "Symfony\Component\HttpKernel\EventListener\StreamedResponseListener::onKernelResponse". [] []
[2017-05-15 20:11:04] event.DEBUG: Listener "Symfony\Component\HttpKernel\EventListener\ExceptionListener::onKernelException" stopped propagation of the event "kernel.exception". [] []
[2017-05-15 20:11:04] event.DEBUG: Notified event "kernel.response" to listener "Symfony\Component\Security\Http\Firewall\ContextListener::onKernelResponse". [] []
[2017-05-15 20:11:04] security.DEBUG: Write SecurityContext in the session [] []
[2017-05-15 20:11:04] event.DEBUG: Notified event "kernel.response" to listener "gdm\BlogBundle\Beta\BetaListener::onKernelResponse". [] []
[2017-05-15 20:11:04] event.DEBUG: Notified event "kernel.response" to listener "Symfony\Component\HttpKernel\EventListener\ResponseListener::onKernelResponse". [] []
[2017-05-15 20:11:04] event.DEBUG: Notified event "kernel.response" to listener "Symfony\Component\Security\Http\RememberMe\ResponseListener::onKernelResponse". [] []
[2017-05-15 20:11:04] event.DEBUG: Notified event "kernel.response" to listener "Sensio\Bundle\FrameworkExtraBundle\EventListener\CacheListener::onKernelResponse". [] []
[2017-05-15 20:11:04] event.DEBUG: Notified event "kernel.response" to listener "Symfony\Component\HttpKernel\EventListener\StreamedResponseListener::onKernelResponse". [] []
[2017-05-15 20:11:04] event.DEBUG: Notified event "kernel.terminate" to listener "Symfony\Bundle\SwiftmailerBundle\EventListener\EmailSenderListener::onKernelTerminate". [] []
[2017-05-15 20:11:23] event.DEBUG: Notified event "kernel.request" to listener "Symfony\Bundle\FrameworkBundle\EventListener\SessionListener::onKernelRequest". [] []
[2017-05-15 20:11:23] event.DEBUG: Notified event "kernel.request" to listener "Symfony\Component\HttpKernel\EventListener\FragmentListener::onKernelRequest". [] []
[2017-05-15 20:11:23] event.DEBUG: Notified event "kernel.request" to listener "Symfony\Component\HttpKernel\EventListener\RouterListener::onKernelRequest". [] []
[2017-05-15 20:11:23] request.INFO: Matched route "gdmblog_voir" (parameters: "_controller": "gdm\BlogBundle\Controller\BlogController::voirAction", "id": "55", "_route": "gdmblog_voir") [] []
[2017-05-15 20:11:23] event.DEBUG: Notified event "kernel.request" to listener "Symfony\Component\HttpKernel\EventListener\LocaleListener::onKernelRequest". [] []
[2017-05-15 20:11:23] event.DEBUG: Notified event "kernel.request" to listener "Symfony\Component\Security\Http\Firewall::onKernelRequest". [] []
[2017-05-15 20:11:23] security.INFO: Populated SecurityContext with an anonymous Token [] []
[2017-05-15 20:11:23] event.DEBUG: Notified event "kernel.request" to listener "Symfony\Component\HttpKernel\EventListener\ErrorsLoggerListener::injectLogger". [] []
[2017-05-15 20:11:23] event.DEBUG: Notified event "kernel.request" to listener "Symfony\Component\HttpKernel\EventListener\ErrorsLoggerListener::injectLogger". [] []
[2017-05-15 20:11:23] event.DEBUG: Notified event "kernel.controller" to listener "Sensio\Bundle\FrameworkExtraBundle\EventListener\ControllerListener::onKernelController". [] []
[2017-05-15 20:11:23] event.DEBUG: Notified event "kernel.controller" to listener "Sensio\Bundle\FrameworkExtraBundle\EventListener\ParamConverterListener::onKernelController". [] []
[2017-05-15 20:11:23] doctrine.DEBUG: SELECT t0.id AS id1, t0.date AS date2, t0.dateEdition AS dateEdition3, t0.titre AS titre4, t0.auteur AS auteur5, t0.contenu AS contenu6, t0.publication AS publication7, t0.nbCommentaires AS nbCommentaires8, t0.image_id AS image_id9 FROM Article t0 WHERE t0.id = ? ["55"] []
[2017-05-15 20:11:23] event.DEBUG: Notified event "kernel.exception" to listener "Symfony\Component\Security\Http\Firewall\ExceptionListener::onKernelException". [] []
[2017-05-15 20:11:23] event.DEBUG: Notified event "kernel.exception" to listener "Symfony\Component\HttpKernel\EventListener\ExceptionListener::onKernelException". [] []
[2017-05-15 20:11:23] request.ERROR: Uncaught PHP Exception Symfony\Component\HttpKernel\Exception\NotFoundHttpException: "gdm\BlogBundle\Entity\Article object not found." at C:\wamp\www\Symfony\app\cache\prod\classes.php line 5852 {"exception":"[object] (Symfony\\Component\\HttpKernel\\Exception\\NotFoundHttpException: gdm\\BlogBundle\\Entity\\Article object not found. at C:\\wamp\\www\\Symfony\\app\\cache\\prod\\classes.php:5852)"} []
[2017-05-15 20:11:23] event.DEBUG: Notified event "kernel.request" to listener "Symfony\Bundle\FrameworkBundle\EventListener\SessionListener::onKernelRequest". [] []
[2017-05-15 20:11:23] event.DEBUG: Notified event "kernel.request" to listener "Symfony\Component\HttpKernel\EventListener\FragmentListener::onKernelRequest". [] []
[2017-05-15 20:11:23] event.DEBUG: Notified event "kernel.request" to listener "Symfony\Component\HttpKernel\EventListener\RouterListener::onKernelRequest". [] []
[2017-05-15 20:11:23] event.DEBUG: Notified event "kernel.request" to listener "Symfony\Component\HttpKernel\EventListener\LocaleListener::onKernelRequest". [] []
[2017-05-15 20:11:23] event.DEBUG: Notified event "kernel.request" to listener "Symfony\Component\Security\Http\Firewall::onKernelRequest". [] []
[2017-05-15 20:11:23] event.DEBUG: Notified event "kernel.request" to listener "Symfony\Component\HttpKernel\EventListener\ErrorsLoggerListener::injectLogger". [] []
[2017-05-15 20:11:23] event.DEBUG: Notified event "kernel.request" to listener "Symfony\Component\HttpKernel\EventListener\ErrorsLoggerListener::injectLogger". [] []
[2017-05-15 20:11:23] event.DEBUG: Notified event "kernel.controller" to listener "closure". [] []
[2017-05-15 20:11:23] event.DEBUG: Notified event "kernel.controller" to listener "Sensio\Bundle\FrameworkExtraBundle\EventListener\ControllerListener::onKernelController". [] []
[2017-05-15 20:11:23] event.DEBUG: Notified event "kernel.controller" to listener "closure". [] []
[2017-05-15 20:11:23] event.DEBUG: Notified event "kernel.controller" to listener "Sensio\Bundle\FrameworkExtraBundle\EventListener\ParamConverterListener::onKernelController". [] []
[2017-05-15 20:11:23] event.DEBUG: Notified event "kernel.controller" to listener "closure". [] []
[2017-05-15 20:11:23] event.DEBUG: Notified event "kernel.controller" to listener "Sensio\Bundle\FrameworkExtraBundle\EventListener\TemplateListener::onKernelController". [] []
[2017-05-15 20:11:23] event.DEBUG: Notified event "kernel.response" to listener "Symfony\Component\Security\Http\Firewall\ContextListener::onKernelResponse". [] []
[2017-05-15 20:11:23] event.DEBUG: Notified event "kernel.response" to listener "gdm\BlogBundle\Beta\BetaListener::onKernelResponse". [] []
[2017-05-15 20:11:23] event.DEBUG: Notified event "kernel.response" to listener "Symfony\Component\HttpKernel\EventListener\ResponseListener::onKernelResponse". [] []
[2017-05-15 20:11:23] event.DEBUG: Notified event "kernel.response" to listener "Symfony\Component\Security\Http\RememberMe\ResponseListener::onKernelResponse". [] []
[2017-05-15 20:11:23] event.DEBUG: Notified event "kernel.response" to listener "Sensio\Bundle\FrameworkExtraBundle\EventListener\CacheListener::onKernelResponse". [] []
[2017-05-15 20:11:23] event.DEBUG: Notified event "kernel.response" to listener "Symfony\Component\HttpKernel\EventListener\StreamedResponseListener::onKernelResponse". [] []
[2017-05-15 20:11:23] event.DEBUG: Listener "Symfony\Component\HttpKernel\EventListener\ExceptionListener::onKernelException" stopped propagation of the event "kernel.exception". [] []
[2017-05-15 20:11:23] event.DEBUG: Notified event "kernel.response" to listener "Symfony\Component\Security\Http\Firewall\ContextListener::onKernelResponse". [] []
[2017-05-15 20:11:23] security.DEBUG: Write SecurityContext in the session [] []
[2017-05-15 20:11:23] event.DEBUG: Notified event "kernel.response" to listener "gdm\BlogBundle\Beta\BetaListener::onKernelResponse". [] []
[2017-05-15 20:11:23] event.DEBUG: Notified event "kernel.response" to listener "Symfony\Component\HttpKernel\EventListener\ResponseListener::onKernelResponse". [] []
[2017-05-15 20:11:23] event.DEBUG: Notified event "kernel.response" to listener "Symfony\Component\Security\Http\RememberMe\ResponseListener::onKernelResponse". [] []
[2017-05-15 20:11:23] event.DEBUG: Notified event "kernel.response" to listener "Sensio\Bundle\FrameworkExtraBundle\EventListener\CacheListener::onKernelResponse". [] []
[2017-05-15 20:11:23] event.DEBUG: Notified event "kernel.response" to listener "Symfony\Component\HttpKernel\EventListener\StreamedResponseListener::onKernelResponse". [] []
[2017-05-15 20:11:23] event.DEBUG: Notified event "kernel.terminate" to listener "Symfony\Bundle\SwiftmailerBundle\EventListener\EmailSenderListener::onKernelTerminate". [] []
